<?xml version="1.0" encoding="UTF-8"?>
<!-- Generated by org.testng.reporters.JUnitReportReporter -->
<testsuite hostname="DESKTOP-JDS586J" failures="0" tests="2" name="cucumberOptions.TestRunner" time="0.227" errors="0" timestamp="2021-05-28T16:15:47 IST" skipped="2">
  <testcase classname="cucumberOptions.TestRunner" name="runScenario" time="0.211">
    <skipped/>
  </testcase> <!-- runScenario -->
  <system-out/>
  <testcase classname="cucumberOptions.TestRunner" name="runScenario" time="0.016">
    <skipped/>
  </testcase> <!-- runScenario -->
  <system-out/>
</testsuite> <!-- cucumberOptions.TestRunner -->
