<?xml version="1.0" encoding="UTF-8"?>
<!-- Generated by org.testng.reporters.JUnitReportReporter -->
<testsuite hostname="DESKTOP-JDS586J" failures="0" tests="1" name="Academy.DataBaseTest" time="5.649" errors="0" timestamp="2021-05-28T16:23:37 IST" skipped="0">
  <testcase classname="Academy.DataBaseTest" name="mySQLTest" time="5.649"/>
  <system-out/>
</testsuite> <!-- Academy.DataBaseTest -->
